2016/09/01 12:30:07 [error] 5#5: *3 FastCGI sent in stderr: "PHP message: PHP Notice:  Undefined offset: 0 in /usr/share/nginx/html/coffre-fort/includes.php on line 52
PHP message: PHP Notice:  Undefined offset: 0 in /usr/share/nginx/html/coffre-fort/includes.php on line 53
PHP message: PHP Notice:  Undefined offset: 0 in /usr/share/nginx/html/coffre-fort/includes.php on line 52
PHP message: PHP Notice:  Undefined offset: 0 in /usr/share/nginx/html/coffre-fort/includes.php on line 53
PHP message: PHP Notice:  Undefined offset: 0 in /usr/share/nginx/html/coffre-fort/includes.php on line 52
PHP message: PHP Notice:  Undefined offset: 0 in /usr/share/nginx/html/coffre-fort/includes.php on line 53
PHP message: PHP Notice:  Undefined offset: 0 in /usr/share/nginx/html/coffre-fort/includes.php on line 52
PHP message: PHP Notice:  Undefined offset: 0 in /usr/share/nginx/html/coffre-fort/includes.php on line 53
PHP message: PHP Notice:  Undefined offset: 0 in /usr/share/nginx/html/coffre-fort/includes.php on line 52
PHP message: PHP Notice:  Undefined offset: 0 in /usr/share/nginx/html/coffre-fort/includes.php on line 53
PHP message: PHP Notice:  Undefined offset: 0 in /usr/share/nginx/html/coffre-fort/includes.php on line 52
PHP message: PHP Notice:  Undefined offset: 0 in /usr/share/nginx/html/coffre-fort/includes.php on line 53" while reading response header from upstream, client: 172.19.0.1, server: , request: "GET /coffre-fort/index.php HTTP/1.1", upstream: "fastcgi://172.19.0.3:9000", host: "localhost:8091"
2016/09/01 12:30:08 [error] 5#5: *3 FastCGI sent in stderr: "PHP message: PHP Notice:  Undefined offset: 0 in /usr/share/nginx/html/coffre-fort/includes.php on line 52
PHP message: PHP Notice:  Undefined offset: 0 in /usr/share/nginx/html/coffre-fort/includes.php on line 53
PHP message: PHP Notice:  Undefined offset: 0 in /usr/share/nginx/html/coffre-fort/includes.php on line 52
PHP message: PHP Notice:  Undefined offset: 0 in /usr/share/nginx/html/coffre-fort/includes.php on line 53
PHP message: PHP Notice:  Undefined offset: 0 in /usr/share/nginx/html/coffre-fort/includes.php on line 52
PHP message: PHP Notice:  Undefined offset: 0 in /usr/share/nginx/html/coffre-fort/includes.php on line 53
PHP message: PHP Notice:  Undefined offset: 0 in /usr/share/nginx/html/coffre-fort/includes.php on line 52
PHP message: PHP Notice:  Undefined offset: 0 in /usr/share/nginx/html/coffre-fort/includes.php on line 53
PHP message: PHP Notice:  Undefined offset: 0 in /usr/share/nginx/html/coffre-fort/includes.php on line 52
PHP message: PHP Notice:  Undefined offset: 0 in /usr/share/nginx/html/coffre-fort/includes.php on line 53
PHP message: PHP Notice:  Undefined offset: 0 in /usr/share/nginx/html/coffre-fort/includes.php on line 52
PHP message: PHP Notice:  Undefined offset: 0 in /usr/share/nginx/html/coffre-fort/includes.php on line 53" while reading response header from upstream, client: 172.19.0.1, server: , request: "GET /coffre-fort/lib/getDirData.php HTTP/1.1", upstream: "fastcgi://172.19.0.3:9000", host: "localhost:8091", referrer: "http://localhost:8091/coffre-fort/index.php"
2016/09/01 12:30:08 [error] 5#5: *3 open() "/usr/share/nginx/html/coffre-fort/lib/angular/angular.min.js.map" failed (2: No such file or directory), client: 172.19.0.1, server: , request: "GET /coffre-fort/lib/angular/angular.min.js.map HTTP/1.1", host: "localhost:8091"
2016/09/01 20:14:40 [error] 5#5: *1 FastCGI sent in stderr: "PHP message: PHP Notice:  Undefined offset: 0 in /usr/share/nginx/html/coffre-fort/includes.php on line 52
PHP message: PHP Notice:  Undefined offset: 0 in /usr/share/nginx/html/coffre-fort/includes.php on line 53
PHP message: PHP Notice:  Undefined offset: 0 in /usr/share/nginx/html/coffre-fort/includes.php on line 52
PHP message: PHP Notice:  Undefined offset: 0 in /usr/share/nginx/html/coffre-fort/includes.php on line 53
PHP message: PHP Notice:  Undefined offset: 0 in /usr/share/nginx/html/coffre-fort/includes.php on line 52
PHP message: PHP Notice:  Undefined offset: 0 in /usr/share/nginx/html/coffre-fort/includes.php on line 53
PHP message: PHP Notice:  Undefined offset: 0 in /usr/share/nginx/html/coffre-fort/includes.php on line 52
PHP message: PHP Notice:  Undefined offset: 0 in /usr/share/nginx/html/coffre-fort/includes.php on line 53
PHP message: PHP Notice:  Undefined offset: 0 in /usr/share/nginx/html/coffre-fort/includes.php on line 52
PHP message: PHP Notice:  Undefined offset: 0 in /usr/share/nginx/html/coffre-fort/includes.php on line 53
PHP message: PHP Notice:  Undefined offset: 0 in /usr/share/nginx/html/coffre-fort/includes.php on line 52
PHP message: PHP Notice:  Undefined offset: 0 in /usr/share/nginx/html/coffre-fort/includes.php on line 53" while reading response header from upstream, client: 172.19.0.1, server: , request: "GET /coffre-fort/index.php HTTP/1.1", upstream: "fastcgi://172.19.0.3:9000", host: "localhost:8091"
2016/09/01 20:14:41 [error] 5#5: *1 FastCGI sent in stderr: "PHP message: PHP Notice:  Undefined offset: 0 in /usr/share/nginx/html/coffre-fort/includes.php on line 52
PHP message: PHP Notice:  Undefined offset: 0 in /usr/share/nginx/html/coffre-fort/includes.php on line 53
PHP message: PHP Notice:  Undefined offset: 0 in /usr/share/nginx/html/coffre-fort/includes.php on line 52
PHP message: PHP Notice:  Undefined offset: 0 in /usr/share/nginx/html/coffre-fort/includes.php on line 53
PHP message: PHP Notice:  Undefined offset: 0 in /usr/share/nginx/html/coffre-fort/includes.php on line 52
PHP message: PHP Notice:  Undefined offset: 0 in /usr/share/nginx/html/coffre-fort/includes.php on line 53
PHP message: PHP Notice:  Undefined offset: 0 in /usr/share/nginx/html/coffre-fort/includes.php on line 52
PHP message: PHP Notice:  Undefined offset: 0 in /usr/share/nginx/html/coffre-fort/includes.php on line 53
PHP message: PHP Notice:  Undefined offset: 0 in /usr/share/nginx/html/coffre-fort/includes.php on line 52
PHP message: PHP Notice:  Undefined offset: 0 in /usr/share/nginx/html/coffre-fort/includes.php on line 53
PHP message: PHP Notice:  Undefined offset: 0 in /usr/share/nginx/html/coffre-fort/includes.php on line 52
PHP message: PHP Notice:  Undefined offset: 0 in /usr/share/nginx/html/coffre-fort/includes.php on line 53" while reading response header from upstream, client: 172.19.0.1, server: , request: "GET /coffre-fort/lib/getDirData.php HTTP/1.1", upstream: "fastcgi://172.19.0.3:9000", host: "localhost:8091", referrer: "http://localhost:8091/coffre-fort/index.php"
